Build started 3/1/2016 6:34:53 PM.
     1>Project "C:\Users\Tushar\Desktop\Automata Language\Compiler\Compiler\Compiler.vcxproj" on node 2 (Build target(s)).
     1>ClCompile:
         C:\Users\Tushar\Documents\Software\VC\bin\CL.exe /c /ZI /nologo /W3 /WX- /sdl /Od /Oy- /D WIN32 /D _DEBUG /D _CONSOLE /D _LIB /D _UNICODE /D UNICODE /Gm /EHsc /RTC1 /MDd /GS /fp:precise /Zc:wchar_t /Zc:forScope /Fo"Debug\\" /Fd"Debug\vc120.pdb" /Gd /TP /analyze- /errorReport:prompt Automaton.cpp Recognizer.cpp
         Recognizer.cpp
         Automaton.cpp
     1>c:\users\tushar\desktop\automata language\compiler\compiler\automaton.cpp(20): error C2677: binary '[' : no global operator found which takes type 'std::string' (or there is no acceptable conversion)
     1>c:\users\tushar\desktop\automata language\compiler\compiler\automaton.cpp(25): error C2664: 'void std::_Hash<std::_Umap_traits<_Kty,_Ty,std::_Uhash_compare<_Kty,_Hasher,_Keyeq>,_Alloc,false>>::insert(std::initializer_list<std::pair<const _Kty,_Ty>>)' : cannot convert argument 1 from 'initializer-list' to 'std::pair<const _Kty,_Ty> &&'
                 with
                 [
                     _Kty=std::string *
         ,            _Ty=State *
         ,            _Hasher=std::hash<std::basic_string<char,std::char_traits<char>,std::allocator<char>> *>
         ,            _Keyeq=std::equal_to<std::basic_string<char,std::char_traits<char>,std::allocator<char>> *>
         ,            _Alloc=std::allocator<std::pair<std::basic_string<char,std::char_traits<char>,std::allocator<char>> *const ,State *>>
                 ]
                 and
                 [
                     _Kty=std::string *
         ,            _Ty=State *
                 ]
                 Reason: cannot convert from 'initializer-list' to 'std::pair<const _Kty,_Ty>'
                 with
                 [
                     _Kty=std::string *
         ,            _Ty=State *
                 ]
                 No constructor could take the source type, or constructor overload resolution was ambiguous
         Generating Code...
     1>Done Building Project "C:\Users\Tushar\Desktop\Automata Language\Compiler\Compiler\Compiler.vcxproj" (Build target(s)) -- FAILED.

Build FAILED.

Time Elapsed 00:00:01.61
